-------------------------------------------------------------------------------
Test set: com.mntn.hiking.MiniPrj03ApplicationTests
-------------------------------------------------------------------------------
Tests run: 1, Failures: 0, Errors: 1, Skipped: 0, Time elapsed: 0.329 s <<< FAILURE! - in com.mntn.hiking.MiniPrj03ApplicationTests
com.mntn.hiking.MiniPrj03ApplicationTests  Time elapsed: 0.328 s  <<< ERROR!
java.lang.IllegalStateException: Unable to find a @SpringBootConfiguration, you need to use @ContextConfiguration or @SpringBootTest(classes=...) with your test

